Using pre-set license

 COMMAND LINE ARGUMENTS:
/Applications/Unity/Hub/Editor/2020.2.1f1/Unity.app/Contents/MacOS/Unity
-adb2
-batchMode
-noUpm
-name
AssetImportWorker0
-projectPath
/Volumes/LaCie/Documents/GitHub Personnal Project/Unity-Vivaldia/Vivaldia
-logFile
Logs/AssetImportWorker0.log
-srvPort
52811
Successfully changed project path to: /Volumes/LaCie/Documents/GitHub Personnal Project/Unity-Vivaldia/Vivaldia
/Volumes/LaCie/Documents/GitHub Personnal Project/Unity-Vivaldia/Vivaldia
Using Asset Import Pipeline V2.
Refreshing native plugins compatible for Editor in 659.82 ms, found 1 plugins.
Preloading 0 native plugins for Editor in 0.00 ms.
Initialize engine version: 2020.2.1f1 (270dd8c3da1c)
[Subsystems] Discovering subsystems at path /Applications/Unity/Hub/Editor/2020.2.1f1/Unity.app/Contents/Resources/UnitySubsystems
[Subsystems] Discovering subsystems at path /Volumes/LaCie/Documents/GitHub Personnal Project/Unity-Vivaldia/Vivaldia/Assets
GfxDevice: creating device client; threaded=0
2021-01-21 12:09:33.563 Unity[33942:258169] Color LCD preferred device: Intel(R) HD Graphics 530 (low power)
2021-01-21 12:09:33.563 Unity[33942:258169] Metal devices available: 2
2021-01-21 12:09:33.563 Unity[33942:258169] 0: AMD Radeon Pro 460 (high power)
2021-01-21 12:09:33.563 Unity[33942:258169] 1: Intel(R) HD Graphics 530 (low power)
2021-01-21 12:09:33.564 Unity[33942:258169] Using device AMD Radeon Pro 460 (high power)
Initializing Metal device caps: AMD Radeon Pro 460
Initialize mono
Mono path[0] = '/Applications/Unity/Hub/Editor/2020.2.1f1/Unity.app/Contents/Managed'
Mono path[1] = '/Applications/Unity/Hub/Editor/2020.2.1f1/Unity.app/Contents/MonoBleedingEdge/lib/mono/unityjit'
Mono config path = '/Applications/Unity/Hub/Editor/2020.2.1f1/Unity.app/Contents/MonoBleedingEdge/etc'
Using monoOptions --debugger-agent=transport=dt_socket,embedding=1,server=y,suspend=n,address=127.0.0.1:56942
Begin MonoManager ReloadAssembly
Registering precompiled unity dll's ...
Register platform support module: /Applications/Unity/Hub/Editor/2020.2.1f1/Unity.app/Contents/PlaybackEngines/MacStandaloneSupport/UnityEditor.OSXStandalone.Extensions.dll
Register platform support module: /Applications/Unity/Hub/Editor/2020.2.1f1/PlaybackEngines/WindowsStandaloneSupport/UnityEditor.WindowsStandalone.Extensions.dll
Registered in 0.002459 seconds.
Native extension for WindowsStandalone target not found
Native extension for OSXStandalone target not found
Refreshing native plugins compatible for Editor in 67.82 ms, found 1 plugins.
Preloading 0 native plugins for Editor in 0.00 ms.
Invoked RoslynAnalysisRunner static constructor.
RoslynAnalysisRunner will not be running.
RoslynAnalysisRunner has terminated.
Mono: successfully reloaded assembly
- Completed reload, in  2.830 seconds
Platform modules already initialized, skipping
Registering precompiled user dll's ...
Registered in 0.228732 seconds.
